(0000) 4000  0100000000000000 (   2)                 .ORIG x4000
(4000) E00A  1110000000001010 (   4)                 LEA   R0 LABEL1
(4001) F022  1111000000100010 (   6)                 TRAP  x22
(4002) E028  1110000000101000 (   8)                 LEA   R0 LABEL4
(4003) F022  1111000000100010 (  10)                 TRAP  x22
(4004) E00C  1110000000001100 (  12)                 LEA   R0 LABEL2
(4005) F022  1111000000100010 (  14)                 TRAP  x22
(4006) E024  1110000000100100 (  16)                 LEA   R0 LABEL4
(4007) F022  1111000000100010 (  18)                 TRAP  x22
(4008) E00D  1110000000001101 (  20)                 LEA   R0 LABEL3
(4009) F022  1111000000100010 (  22)                 TRAP  x22
(400A) F025  1111000000100101 (  24)                 TRAP  x25
(400B) 004D  0000000001001101 (  26) LABEL1          .FILL x004D
(400C) 0041  0000000001000001 (  26)                 .FILL x0041
(400D) 0052  0000000001010010 (  26)                 .FILL x0052
(400E) 0049  0000000001001001 (  26)                 .FILL x0049
(400F) 004F  0000000001001111 (  26)                 .FILL x004F
(4010) 0000  0000000000000000 (  26)                 .FILL x0000
(4011) 0052  0000000001010010 (  28) LABEL2          .FILL x0052
(4012) 0055  0000000001010101 (  28)                 .FILL x0055
(4013) 0049  0000000001001001 (  28)                 .FILL x0049
(4014) 005A  0000000001011010 (  28)                 .FILL x005A
(4015) 0000  0000000000000000 (  28)                 .FILL x0000
(4016) 0043  0000000001000011 (  30) LABEL3          .FILL x0043
(4017) 004F  0000000001001111 (  30)                 .FILL x004F
(4018) 004D  0000000001001101 (  30)                 .FILL x004D
(4019) 0050  0000000001010000 (  30)                 .FILL x0050
(401A) 0055  0000000001010101 (  30)                 .FILL x0055
(401B) 0054  0000000001010100 (  30)                 .FILL x0054
(401C) 0045  0000000001000101 (  30)                 .FILL x0045
(401D) 0052  0000000001010010 (  30)                 .FILL x0052
(401E) 0020  0000000000100000 (  30)                 .FILL x0020
(401F) 0045  0000000001000101 (  30)                 .FILL x0045
(4020) 004E  0000000001001110 (  30)                 .FILL x004E
(4021) 0047  0000000001000111 (  30)                 .FILL x0047
(4022) 0049  0000000001001001 (  30)                 .FILL x0049
(4023) 004E  0000000001001110 (  30)                 .FILL x004E
(4024) 0045  0000000001000101 (  30)                 .FILL x0045
(4025) 0045  0000000001000101 (  30)                 .FILL x0045
(4026) 0052  0000000001010010 (  30)                 .FILL x0052
(4027) 0049  0000000001001001 (  30)                 .FILL x0049
(4028) 004E  0000000001001110 (  30)                 .FILL x004E
(4029) 0047  0000000001000111 (  30)                 .FILL x0047
(402A) 0000  0000000000000000 (  30)                 .FILL x0000
(402B) 000A  0000000000001010 (  32) LABEL4          .FILL x000A
(402C) 0000  0000000000000000 (  32)                 .FILL x0000
