(0000) 3000  0011000000000000 (   1)                 .ORIG x3000
(3000) 5020  0101000000100000 (   2) LOOP            AND   R0 R0 #0
(3001) E012  1110000000010010 (   3)                 LEA   R0 LABEL1
(3002) F022  1111000000100010 (   4)                 TRAP  x22
(3003) F023  1111000000100011 (   5)                 TRAP  x23
(3004) 2250  0010001001010000 (   6)                 LD    R1 CONVERT
(3005) 1601  0001011000000001 (   7)                 ADD   R3 R0 R1
(3006) 040A  0000010000001010 (   8)                 BRZ   FINISH
(3007) E030  1110000000110000 (  10)                 LEA   R0 LABEL2
(3008) F022  1111000000100010 (  11)                 TRAP  x22
(3009) F023  1111000000100011 (  12)                 TRAP  x23
(300A) 224B  0010001001001011 (  13)                 LD    R1 ASCII
(300B) 1001  0001000000000001 (  14)                 ADD   R0 R0 R1
(300C) 1020  0001000000100000 (  16) LOOP1           ADD   R0 R0 #0
(300D) F021  1111000000100001 (  17)                 TRAP  x21
(300E) 16FF  0001011011111111 (  18)                 ADD   R3 R3 #-1
(300F) 03FC  0000001111111100 (  19)                 BRP   LOOP1
(3010) 0FEF  0000111111101111 (  22)                 BRNZP LOOP
(3011) E045  1110000001000101 (  25) FINISH          LEA   R0 STOP
(3012) F022  1111000000100010 (  26)                 TRAP  x22
(3013) F025  1111000000100101 (  27)                 TRAP  x25
(3014) 000A  0000000000001010 (  29) LABEL1          .FILL x000A
(3015) 0045  0000000001000101 (  29)                 .FILL x0045
(3016) 006E  0000000001101110 (  29)                 .FILL x006E
(3017) 0074  0000000001110100 (  29)                 .FILL x0074
(3018) 0065  0000000001100101 (  29)                 .FILL x0065
(3019) 0072  0000000001110010 (  29)                 .FILL x0072
(301A) 0020  0000000000100000 (  29)                 .FILL x0020
(301B) 0061  0000000001100001 (  29)                 .FILL x0061
(301C) 0020  0000000000100000 (  29)                 .FILL x0020
(301D) 006E  0000000001101110 (  29)                 .FILL x006E
(301E) 0075  0000000001110101 (  29)                 .FILL x0075
(301F) 006D  0000000001101101 (  29)                 .FILL x006D
(3020) 0062  0000000001100010 (  29)                 .FILL x0062
(3021) 0065  0000000001100101 (  29)                 .FILL x0065
(3022) 0072  0000000001110010 (  29)                 .FILL x0072
(3023) 0020  0000000000100000 (  29)                 .FILL x0020
(3024) 006E  0000000001101110 (  29)                 .FILL x006E
(3025) 0020  0000000000100000 (  29)                 .FILL x0020
(3026) 0062  0000000001100010 (  29)                 .FILL x0062
(3027) 0065  0000000001100101 (  29)                 .FILL x0065
(3028) 0074  0000000001110100 (  29)                 .FILL x0074
(3029) 0077  0000000001110111 (  29)                 .FILL x0077
(302A) 0065  0000000001100101 (  29)                 .FILL x0065
(302B) 0065  0000000001100101 (  29)                 .FILL x0065
(302C) 006E  0000000001101110 (  29)                 .FILL x006E
(302D) 0020  0000000000100000 (  29)                 .FILL x0020
(302E) 0031  0000000000110001 (  29)                 .FILL x0031
(302F) 0020  0000000000100000 (  29)                 .FILL x0020
(3030) 0061  0000000001100001 (  29)                 .FILL x0061
(3031) 006E  0000000001101110 (  29)                 .FILL x006E
(3032) 0064  0000000001100100 (  29)                 .FILL x0064
(3033) 0020  0000000000100000 (  29)                 .FILL x0020
(3034) 0039  0000000000111001 (  29)                 .FILL x0039
(3035) 002E  0000000000101110 (  29)                 .FILL x002E
(3036) 000A  0000000000001010 (  29)                 .FILL x000A
(3037) 0000  0000000000000000 (  29)                 .FILL x0000
(3038) 000A  0000000000001010 (  30) LABEL2          .FILL x000A
(3039) 0045  0000000001000101 (  30)                 .FILL x0045
(303A) 006E  0000000001101110 (  30)                 .FILL x006E
(303B) 0074  0000000001110100 (  30)                 .FILL x0074
(303C) 0065  0000000001100101 (  30)                 .FILL x0065
(303D) 0072  0000000001110010 (  30)                 .FILL x0072
(303E) 0020  0000000000100000 (  30)                 .FILL x0020
(303F) 0061  0000000001100001 (  30)                 .FILL x0061
(3040) 006E  0000000001101110 (  30)                 .FILL x006E
(3041) 0020  0000000000100000 (  30)                 .FILL x0020
(3042) 0075  0000000001110101 (  30)                 .FILL x0075
(3043) 0070  0000000001110000 (  30)                 .FILL x0070
(3044) 0070  0000000001110000 (  30)                 .FILL x0070
(3045) 0065  0000000001100101 (  30)                 .FILL x0065
(3046) 0072  0000000001110010 (  30)                 .FILL x0072
(3047) 0063  0000000001100011 (  30)                 .FILL x0063
(3048) 0061  0000000001100001 (  30)                 .FILL x0061
(3049) 0073  0000000001110011 (  30)                 .FILL x0073
(304A) 0065  0000000001100101 (  30)                 .FILL x0065
(304B) 0020  0000000000100000 (  30)                 .FILL x0020
(304C) 006C  0000000001101100 (  30)                 .FILL x006C
(304D) 0065  0000000001100101 (  30)                 .FILL x0065
(304E) 0074  0000000001110100 (  30)                 .FILL x0074
(304F) 0074  0000000001110100 (  30)                 .FILL x0074
(3050) 0065  0000000001100101 (  30)                 .FILL x0065
(3051) 0072  0000000001110010 (  30)                 .FILL x0072
(3052) 002E  0000000000101110 (  30)                 .FILL x002E
(3053) 000A  0000000000001010 (  30)                 .FILL x000A
(3054) 0000  0000000000000000 (  30)                 .FILL x0000
(3055) FFD0  1111111111010000 (  31) CONVERT         .FILL xFFD0
(3056) 0020  0000000000100000 (  32) ASCII           .FILL x0020
(3057) 000A  0000000000001010 (  33) STOP            .FILL x000A
(3058) 0042  0000000001000010 (  33)                 .FILL x0042
(3059) 0079  0000000001111001 (  33)                 .FILL x0079
(305A) 0065  0000000001100101 (  33)                 .FILL x0065
(305B) 000A  0000000000001010 (  33)                 .FILL x000A
(305C) 0000  0000000000000000 (  33)                 .FILL x0000
